c:\users\administrator\documents\github\api-7-team\1team_api 2week\161013_client\defaultwindow\debug\defaultwindow.pch
c:\users\administrator\documents\github\api-7-team\1team_api 2week\161013_client\defaultwindow\debug\vc140.pdb
c:\users\administrator\documents\github\api-7-team\1team_api 2week\161013_client\defaultwindow\debug\vc140.idb
c:\users\administrator\documents\github\api-7-team\1team_api 2week\161013_client\defaultwindow\debug\stdafx.obj
c:\users\administrator\documents\github\api-7-team\1team_api 2week\161013_client\defaultwindow\debug\boss.obj
c:\users\administrator\documents\github\api-7-team\1team_api 2week\161013_client\defaultwindow\debug\box.obj
c:\users\administrator\documents\github\api-7-team\1team_api 2week\161013_client\defaultwindow\debug\bullet.obj
c:\users\administrator\documents\github\api-7-team\1team_api 2week\161013_client\defaultwindow\debug\collisionmgr.obj
c:\users\administrator\documents\github\api-7-team\1team_api 2week\161013_client\defaultwindow\debug\defaultwindow.obj
c:\users\administrator\documents\github\api-7-team\1team_api 2week\161013_client\defaultwindow\debug\item.obj
c:\users\administrator\documents\github\api-7-team\1team_api 2week\161013_client\defaultwindow\debug\maingame.obj
c:\users\administrator\documents\github\api-7-team\1team_api 2week\161013_client\defaultwindow\debug\monster.obj
c:\users\administrator\documents\github\api-7-team\1team_api 2week\161013_client\defaultwindow\debug\obj.obj
c:\users\administrator\documents\github\api-7-team\1team_api 2week\161013_client\defaultwindow\debug\player.obj
c:\users\administrator\documents\github\api-7-team\1team_api 2week\161013_client\defaultwindow\debug\stage_1.obj
c:\users\administrator\documents\github\api-7-team\1team_api 2week\161013_client\defaultwindow\debug\stage_2.obj
c:\users\administrator\documents\github\api-7-team\1team_api 2week\161013_client\defaultwindow\debug\timer.obj
c:\users\administrator\documents\github\api-7-team\1team_api 2week\161013_client\defaultwindow\debug\defaultwindow.res
c:\users\administrator\documents\github\api-7-team\1team_api 2week\161013_client\debug\defaultwindow.pdb
c:\users\administrator\documents\github\api-7-team\1team_api 2week\161013_client\debug\defaultwindow.ilk
c:\users\administrator\documents\github\api-7-team\1team_api 2week\161013_client\defaultwindow\debug\defaultwindow.tlog\cl.command.1.tlog
c:\users\administrator\documents\github\api-7-team\1team_api 2week\161013_client\defaultwindow\debug\defaultwindow.tlog\cl.read.1.tlog
c:\users\administrator\documents\github\api-7-team\1team_api 2week\161013_client\defaultwindow\debug\defaultwindow.tlog\cl.write.1.tlog
c:\users\administrator\documents\github\api-7-team\1team_api 2week\161013_client\defaultwindow\debug\defaultwindow.tlog\link.command.1.tlog
c:\users\administrator\documents\github\api-7-team\1team_api 2week\161013_client\defaultwindow\debug\defaultwindow.tlog\link.read.1.tlog
c:\users\administrator\documents\github\api-7-team\1team_api 2week\161013_client\defaultwindow\debug\defaultwindow.tlog\link.write.1.tlog
c:\users\administrator\documents\github\api-7-team\1team_api 2week\161013_client\defaultwindow\debug\defaultwindow.tlog\rc.command.1.tlog
c:\users\administrator\documents\github\api-7-team\1team_api 2week\161013_client\defaultwindow\debug\defaultwindow.tlog\rc.read.1.tlog
c:\users\administrator\documents\github\api-7-team\1team_api 2week\161013_client\defaultwindow\debug\defaultwindow.tlog\rc.write.1.tlog
