c:\users\administrator\documents\github\api-7-team\1team_api 2week\161013_tool\defaultwindow\debug\defaultwindow.pch
c:\users\administrator\documents\github\api-7-team\1team_api 2week\161013_tool\defaultwindow\debug\vc140.pdb
c:\users\administrator\documents\github\api-7-team\1team_api 2week\161013_tool\defaultwindow\debug\vc140.idb
c:\users\administrator\documents\github\api-7-team\1team_api 2week\161013_tool\defaultwindow\debug\stdafx.obj
c:\users\administrator\documents\github\api-7-team\1team_api 2week\161013_tool\defaultwindow\debug\defaultwindow.obj
c:\users\administrator\documents\github\api-7-team\1team_api 2week\161013_tool\defaultwindow\debug\maingame.obj
c:\users\administrator\documents\github\api-7-team\1team_api 2week\161013_tool\defaultwindow\debug\myedit.obj
c:\users\administrator\documents\github\api-7-team\1team_api 2week\161013_tool\defaultwindow\debug\obj.obj
c:\users\administrator\documents\github\api-7-team\1team_api 2week\161013_tool\defaultwindow\debug\player.obj
c:\users\administrator\documents\github\api-7-team\1team_api 2week\161013_tool\debug\defaultwindow.ilk
c:\users\administrator\documents\github\api-7-team\1team_api 2week\161013_tool\debug\defaultwindow.exe
c:\users\administrator\documents\github\api-7-team\1team_api 2week\161013_tool\debug\defaultwindow.pdb
c:\users\administrator\documents\github\api-7-team\1team_api 2week\161013_tool\defaultwindow\debug\defaultwindow.res
c:\users\administrator\documents\github\api-7-team\1team_api 2week\161013_tool\defaultwindow\debug\defaultwindow.tlog\cl.command.1.tlog
c:\users\administrator\documents\github\api-7-team\1team_api 2week\161013_tool\defaultwindow\debug\defaultwindow.tlog\cl.read.1.tlog
c:\users\administrator\documents\github\api-7-team\1team_api 2week\161013_tool\defaultwindow\debug\defaultwindow.tlog\cl.write.1.tlog
c:\users\administrator\documents\github\api-7-team\1team_api 2week\161013_tool\defaultwindow\debug\defaultwindow.tlog\link.command.1.tlog
c:\users\administrator\documents\github\api-7-team\1team_api 2week\161013_tool\defaultwindow\debug\defaultwindow.tlog\link.read.1.tlog
c:\users\administrator\documents\github\api-7-team\1team_api 2week\161013_tool\defaultwindow\debug\defaultwindow.tlog\link.write.1.tlog
c:\users\administrator\documents\github\api-7-team\1team_api 2week\161013_tool\defaultwindow\debug\defaultwindow.tlog\rc.command.1.tlog
c:\users\administrator\documents\github\api-7-team\1team_api 2week\161013_tool\defaultwindow\debug\defaultwindow.tlog\rc.read.1.tlog
c:\users\administrator\documents\github\api-7-team\1team_api 2week\161013_tool\defaultwindow\debug\defaultwindow.tlog\rc.write.1.tlog
